Graph Edge Property Check (unvisited, visited, exited)
Component 1
	Two ways (1,0) - (0,1)
	Two ways (2,1) - (1,2)
	Two ways (3,2) - (2,3)
	Two ways (4,3) - (3,4)
	Two ways (4,3) - (3,4)
	Back edge (3,1) (Cycle)
	Forward edge (3,4)
	Two ways (3,2) - (2,3)
	Back edge (3,1) (Cycle)
	Forward edge (2,3)
	Two ways (2,1) - (1,2)
	Forward edge (1,3)
	Forward edge (1,2)
	Two ways (1,0) - (0,1)
	Forward edge (1,3)
	Forward edge (0,1)
Component 2
Component 3
	Two ways (7,6) - (6,7)
	Two ways (7,6) - (6,7)
	Two ways (8,6) - (6,8)
	Two ways (8,6) - (6,8)
	Forward edge (6,7)
	Forward edge (6,8)
