0 0 0 0 0
 0 1000000000 1 1000000000 10
 0 1000000000 1000000000 1 1000000000
 0 1000000000 1000000000 1000000000 1
 0 1000000000 1000000000 1000000000 1000000000

0 0 0 0 0
 0 1000000000 1 1000000000 10
 0 1000000000 1000000000 1 1000000000
 0 1000000000 1000000000 1000000000 1
 0 1000000000 1000000000 1000000000 1000000000

0 0 0 0 0
 0 1000000000 1 2 10
 0 1000000000 1000000000 1 1000000000
 0 1000000000 1000000000 1000000000 1
 0 1000000000 1000000000 1000000000 1000000000

0 0 0 0 0
 0 1000000000 1 2 3
 0 1000000000 1000000000 1 2
 0 1000000000 1000000000 1000000000 1
 0 1000000000 1000000000 1000000000 1000000000

has negative cycle: 0
path from 2 to 4: 2 3 4
